In file included from [01m[K/home/ubuntu/workspace/src/mobility_driver/src/mobility_driver_node.cpp:3[m[K:
[01m[K/home/ubuntu/workspace/src/mobility_driver/include/mobility_driver/MobilityDriver.hpp:20:23:[m[K [01;31m[Kerror: [m[Kâ€˜[01m[Kstd_msgs[m[Kâ€™ was not declared in this scope
   20 |     rclcpp::Publisher<[01;31m[Kstd_msgs[m[K::msg::String>::SharedPtr publisher;
      |                       [01;31m[K^~~~~~~~[m[K
[01m[K/home/ubuntu/workspace/src/mobility_driver/include/mobility_driver/MobilityDriver.hpp:20:44:[m[K [01;31m[Kerror: [m[Ktemplate argument 1 is invalid
   20 |     rclcpp::Publisher<std_msgs::msg::String[01;31m[K>[m[K::SharedPtr publisher;
      |                                            [01;31m[K^[m[K
[01m[K/home/ubuntu/workspace/src/mobility_driver/include/mobility_driver/MobilityDriver.hpp:20:47:[m[K [01;31m[Kerror: [m[Kexpected â€˜[01m[K;[m[Kâ€™ at end of member declaration
   20 |     rclcpp::Publisher<std_msgs::msg::String>::[01;31m[KSharedPtr[m[K publisher;
      |                                               [01;31m[K^~~~~~~~~[m[K
      |                                                        [32m[K;[m[K
[01m[K/home/ubuntu/workspace/src/mobility_driver/include/mobility_driver/MobilityDriver.hpp:20:57:[m[K [01;31m[Kerror: [m[Kâ€˜[01m[Kpublisher[m[Kâ€™ does not name a type
   20 |     rclcpp::Publisher<std_msgs::msg::String>::SharedPtr [01;31m[Kpublisher[m[K;
      |                                                         [01;31m[K^~~~~~~~~[m[K
[01m[K/home/ubuntu/workspace/src/mobility_driver/src/mobility_driver_node.cpp:[m[K In function â€˜[01m[Kint[01;32m[K main[m[K(int, char**)[m[Kâ€™:
[01m[K/home/ubuntu/workspace/src/mobility_driver/src/mobility_driver_node.cpp:10:45:[m[K [01;31m[Kerror: [m[Kâ€˜[01m[KMobilityDriver[m[Kâ€™ was not declared in this scope; did you mean â€˜[01m[Kmobility_driver::MobilityDriver[m[Kâ€™?
   10 |     auto mobility_driver = std::make_shared<[01;31m[KMobilityDriver[m[K>();
      |                                             [01;31m[K^~~~~~~~~~~~~~[m[K
      |                                             [32m[Kmobility_driver::MobilityDriver[m[K
[01m[K/home/ubuntu/workspace/src/mobility_driver/include/mobility_driver/MobilityDriver.hpp:9:7:[m[K [01;36m[Knote: [m[Kâ€˜[01m[Kmobility_driver::MobilityDriver[m[Kâ€™ declared here
    9 | class [01;36m[KMobilityDriver[m[K : public rclcpp::Node
      |       [01;36m[K^~~~~~~~~~~~~~[m[K
[01m[K/home/ubuntu/workspace/src/mobility_driver/src/mobility_driver_node.cpp:10:60:[m[K [01;31m[Kerror: [m[Kno matching function for call to â€˜[01m[Kmake_shared<<expression error> >()[m[Kâ€™
   10 |     auto mobility_driver = [01;31m[Kstd::make_shared<MobilityDriver>()[m[K;
      |                            [01;31m[K~~~~~~~~~~~~~~~~~~~~~~~~~~~~~~~~^~[m[K
In file included from [01m[K/usr/include/c++/13/memory:80[m[K,
                 from [01m[K/opt/ros/rolling/include/rclcpp/rclcpp/rclcpp.hpp:169[m[K,
                 from [01m[K/home/ubuntu/workspace/src/mobility_driver/src/mobility_driver_node.cpp:1[m[K:
[01m[K/usr/include/c++/13/bits/shared_ptr.h:1005:5:[m[K [01;36m[Knote: [m[Kcandidate: â€˜[01m[Ktemplate<class _Tp, class ... _Args> std::shared_ptr<typename std::enable_if<(! std::is_array< <template-parameter-1-1> >::value), _Tp>::type> std::[01;32m[Kmake_shared[m[K(_Args&& ...)[m[Kâ€™
 1005 |     [01;36m[Kmake_shared[m[K(_Args&&... __args)
      |     [01;36m[K^~~~~~~~~~~[m[K
[01m[K/usr/include/c++/13/bits/shared_ptr.h:1005:5:[m[K [01;36m[Knote: [m[K  template argument deduction/substitution failed:
[01m[K/home/ubuntu/workspace/src/mobility_driver/src/mobility_driver_node.cpp:10:60:[m[K [01;31m[Kerror: [m[Ktemplate argument 1 is invalid
   10 |     auto mobility_driver = [01;31m[Kstd::make_shared<MobilityDriver>()[m[K;
      |                            [01;31m[K~~~~~~~~~~~~~~~~~~~~~~~~~~~~~~~~^~[m[K
gmake[2]: *** [CMakeFiles/mobility_driver_node.dir/build.make:76: CMakeFiles/mobility_driver_node.dir/src/mobility_driver_node.cpp.o] Error 1
gmake[1]: *** [CMakeFiles/Makefile2:165: CMakeFiles/mobility_driver_node.dir/all] Error 2
gmake: *** [Makefile:146: all] Error 2
