[0.012s] Invoking command in '/home/ubuntu/workspace/build/mobility_driver': CMAKE_PREFIX_PATH=${CMAKE_PREFIX_PATH}:/opt/ros/rolling /usr/bin/cmake --build /home/ubuntu/workspace/build/mobility_driver -- -j12 -l12
[0.077s] [ 25%] [32mBuilding CXX object CMakeFiles/mobility_driver_lib.dir/src/MobilityDriver.cpp.o[0m
[3.762s] [ 50%] [32m[1mLinking CXX static library libmobility_driver_lib.a[0m
[3.811s] [ 50%] Built target mobility_driver_lib
[3.846s] [ 75%] [32mBuilding CXX object CMakeFiles/mobility_driver_node.dir/src/mobility_driver_node.cpp.o[0m
[5.874s] In file included from [01m[K/home/ubuntu/workspace/src/mobility_driver/src/mobility_driver_node.cpp:3[m[K:
[5.874s] [01m[K/home/ubuntu/workspace/src/mobility_driver/include/mobility_driver/MobilityDriver.hpp:20:23:[m[K [01;31m[Kerror: [m[Kâ€˜[01m[Kstd_msgs[m[Kâ€™ was not declared in this scope
[5.874s]    20 |     rclcpp::Publisher<[01;31m[Kstd_msgs[m[K::msg::String>::SharedPtr publisher;
[5.874s]       |                       [01;31m[K^~~~~~~~[m[K
[5.875s] [01m[K/home/ubuntu/workspace/src/mobility_driver/include/mobility_driver/MobilityDriver.hpp:20:44:[m[K [01;31m[Kerror: [m[Ktemplate argument 1 is invalid
[5.875s]    20 |     rclcpp::Publisher<std_msgs::msg::String[01;31m[K>[m[K::SharedPtr publisher;
[5.875s]       |                                            [01;31m[K^[m[K
[5.875s] [01m[K/home/ubuntu/workspace/src/mobility_driver/include/mobility_driver/MobilityDriver.hpp:20:47:[m[K [01;31m[Kerror: [m[Kexpected â€˜[01m[K;[m[Kâ€™ at end of member declaration
[5.875s]    20 |     rclcpp::Publisher<std_msgs::msg::String>::[01;31m[KSharedPtr[m[K publisher;
[5.875s]       |                                               [01;31m[K^~~~~~~~~[m[K
[5.875s]       |                                                        [32m[K;[m[K
[5.875s] [01m[K/home/ubuntu/workspace/src/mobility_driver/include/mobility_driver/MobilityDriver.hpp:20:57:[m[K [01;31m[Kerror: [m[Kâ€˜[01m[Kpublisher[m[Kâ€™ does not name a type
[5.876s]    20 |     rclcpp::Publisher<std_msgs::msg::String>::SharedPtr [01;31m[Kpublisher[m[K;
[5.876s]       |                                                         [01;31m[K^~~~~~~~~[m[K
[5.877s] [01m[K/home/ubuntu/workspace/src/mobility_driver/src/mobility_driver_node.cpp:[m[K In function â€˜[01m[Kint[01;32m[K main[m[K(int, char**)[m[Kâ€™:
[5.877s] [01m[K/home/ubuntu/workspace/src/mobility_driver/src/mobility_driver_node.cpp:10:45:[m[K [01;31m[Kerror: [m[Kâ€˜[01m[KMobilityDriver[m[Kâ€™ was not declared in this scope; did you mean â€˜[01m[Kmobility_driver::MobilityDriver[m[Kâ€™?
[5.877s]    10 |     auto mobility_driver = std::make_shared<[01;31m[KMobilityDriver[m[K>();
[5.877s]       |                                             [01;31m[K^~~~~~~~~~~~~~[m[K
[5.877s]       |                                             [32m[Kmobility_driver::MobilityDriver[m[K
[5.877s] [01m[K/home/ubuntu/workspace/src/mobility_driver/include/mobility_driver/MobilityDriver.hpp:9:7:[m[K [01;36m[Knote: [m[Kâ€˜[01m[Kmobility_driver::MobilityDriver[m[Kâ€™ declared here
[5.877s]     9 | class [01;36m[KMobilityDriver[m[K : public rclcpp::Node
[5.877s]       |       [01;36m[K^~~~~~~~~~~~~~[m[K
[5.877s] [01m[K/home/ubuntu/workspace/src/mobility_driver/src/mobility_driver_node.cpp:10:60:[m[K [01;31m[Kerror: [m[Kno matching function for call to â€˜[01m[Kmake_shared<<expression error> >()[m[Kâ€™
[5.877s]    10 |     auto mobility_driver = [01;31m[Kstd::make_shared<MobilityDriver>()[m[K;
[5.878s]       |                            [01;31m[K~~~~~~~~~~~~~~~~~~~~~~~~~~~~~~~~^~[m[K
[5.878s] In file included from [01m[K/usr/include/c++/13/memory:80[m[K,
[5.878s]                  from [01m[K/opt/ros/rolling/include/rclcpp/rclcpp/rclcpp.hpp:169[m[K,
[5.878s]                  from [01m[K/home/ubuntu/workspace/src/mobility_driver/src/mobility_driver_node.cpp:1[m[K:
[5.878s] [01m[K/usr/include/c++/13/bits/shared_ptr.h:1005:5:[m[K [01;36m[Knote: [m[Kcandidate: â€˜[01m[Ktemplate<class _Tp, class ... _Args> std::shared_ptr<typename std::enable_if<(! std::is_array< <template-parameter-1-1> >::value), _Tp>::type> std::[01;32m[Kmake_shared[m[K(_Args&& ...)[m[Kâ€™
[5.878s]  1005 |     [01;36m[Kmake_shared[m[K(_Args&&... __args)
[5.878s]       |     [01;36m[K^~~~~~~~~~~[m[K
[5.878s] [01m[K/usr/include/c++/13/bits/shared_ptr.h:1005:5:[m[K [01;36m[Knote: [m[K  template argument deduction/substitution failed:
[5.878s] [01m[K/home/ubuntu/workspace/src/mobility_driver/src/mobility_driver_node.cpp:10:60:[m[K [01;31m[Kerror: [m[Ktemplate argument 1 is invalid
[5.879s]    10 |     auto mobility_driver = [01;31m[Kstd::make_shared<MobilityDriver>()[m[K;
[5.879s]       |                            [01;31m[K~~~~~~~~~~~~~~~~~~~~~~~~~~~~~~~~^~[m[K
[6.434s] gmake[2]: *** [CMakeFiles/mobility_driver_node.dir/build.make:76: CMakeFiles/mobility_driver_node.dir/src/mobility_driver_node.cpp.o] Error 1
[6.434s] gmake[1]: *** [CMakeFiles/Makefile2:165: CMakeFiles/mobility_driver_node.dir/all] Error 2
[6.435s] gmake: *** [Makefile:146: all] Error 2
[6.436s] Invoked command in '/home/ubuntu/workspace/build/mobility_driver' returned '2': CMAKE_PREFIX_PATH=${CMAKE_PREFIX_PATH}:/opt/ros/rolling /usr/bin/cmake --build /home/ubuntu/workspace/build/mobility_driver -- -j12 -l12
