[0.011s] Invoking command in '/home/ubuntu/workspace/build/mobility_driver': CMAKE_PREFIX_PATH=/opt/ros/rolling /usr/bin/cmake /home/ubuntu/workspace/src/mobility_driver -DCMAKE_INSTALL_PREFIX=/home/ubuntu/workspace/install/mobility_driver
[0.023s] -- Found ament_cmake: 2.6.0 (/opt/ros/rolling/share/ament_cmake/cmake)
[0.181s] -- Found rclcpp: 28.2.0 (/opt/ros/rolling/share/rclcpp/cmake)
[0.201s] -- Found rosidl_generator_c: 4.7.0 (/opt/ros/rolling/share/rosidl_generator_c/cmake)
[0.208s] -- Found rosidl_generator_cpp: 4.7.0 (/opt/ros/rolling/share/rosidl_generator_cpp/cmake)
[0.219s] -- Using all available rosidl_typesupport_c: rosidl_typesupport_fastrtps_c;rosidl_typesupport_introspection_c
[0.230s] -- Using all available rosidl_typesupport_cpp: rosidl_typesupport_fastrtps_cpp;rosidl_typesupport_introspection_cpp
[0.283s] -- Found rmw_implementation_cmake: 7.4.0 (/opt/ros/rolling/share/rmw_implementation_cmake/cmake)
[0.284s] -- Found rmw_fastrtps_cpp: 8.5.0 (/opt/ros/rolling/share/rmw_fastrtps_cpp/cmake)
[0.333s] -- Using RMW implementation 'rmw_fastrtps_cpp' as default
[0.386s] -- Found ament_lint_auto: 0.18.0 (/opt/ros/rolling/share/ament_lint_auto/cmake)
[0.464s] -- Added test 'cppcheck' to perform static code analysis on C / C++ code
[0.464s] -- Configured cppcheck include dirs: $<BUILD_INTERFACE:/home/ubuntu/workspace/src/mobility_driver/include>;/home/ubuntu/workspace/src/mobility_driver/$<INSTALL_INTERFACE:include/mobility_driver
[0.464s] -- Configured cppcheck exclude dirs and/or files: 
[0.464s] -- Added test 'lint_cmake' to check CMake code style
[0.466s] -- Added test 'uncrustify' to check C / C++ code style
[0.466s] -- Configured uncrustify additional arguments: 
[0.466s] -- Added test 'xmllint' to check XML markup files
[0.467s] -- Configuring done (0.4s)
[0.475s] -- Generating done (0.0s)
[0.476s] -- Build files have been written to: /home/ubuntu/workspace/build/mobility_driver
[0.480s] Invoked command in '/home/ubuntu/workspace/build/mobility_driver' returned '0': CMAKE_PREFIX_PATH=/opt/ros/rolling /usr/bin/cmake /home/ubuntu/workspace/src/mobility_driver -DCMAKE_INSTALL_PREFIX=/home/ubuntu/workspace/install/mobility_driver
[0.481s] Invoking command in '/home/ubuntu/workspace/build/mobility_driver': CMAKE_PREFIX_PATH=/opt/ros/rolling /usr/bin/cmake --build /home/ubuntu/workspace/build/mobility_driver -- -j12 -l12
[0.527s] [ 25%] [32mBuilding CXX object CMakeFiles/mobility_driver_lib.dir/src/MobilityDriver.cpp.o[0m
[0.547s] [ 50%] [32m[1mLinking CXX static library libmobility_driver_lib.a[0m
[0.575s] [ 50%] Built target mobility_driver_lib
[0.594s] [ 75%] [32mBuilding CXX object CMakeFiles/mobility_driver_node.dir/src/mobility_driver_node.cpp.o[0m
[0.602s] [01m[K/home/ubuntu/workspace/src/mobility_driver/src/mobility_driver_node.cpp:1:10:[m[K [01;31m[Kfatal error: [m[Krclcpp/rclcpp.hpp: No such file or directory
[0.602s]     1 | #include [01;31m[K<rclcpp/rclcpp.hpp>[m[K
[0.602s]       |          [01;31m[K^~~~~~~~~~~~~~~~~~~[m[K
[0.603s] compilation terminated.
[0.603s] gmake[2]: *** [CMakeFiles/mobility_driver_node.dir/build.make:76: CMakeFiles/mobility_driver_node.dir/src/mobility_driver_node.cpp.o] Error 1
[0.604s] gmake[1]: *** [CMakeFiles/Makefile2:165: CMakeFiles/mobility_driver_node.dir/all] Error 2
[0.604s] gmake: *** [Makefile:146: all] Error 2
[0.606s] Invoked command in '/home/ubuntu/workspace/build/mobility_driver' returned '2': CMAKE_PREFIX_PATH=/opt/ros/rolling /usr/bin/cmake --build /home/ubuntu/workspace/build/mobility_driver -- -j12 -l12
