[0.012s] Invoking command in '/home/ubuntu/workspace/build/mobility_driver': CMAKE_PREFIX_PATH=/opt/ros/rolling /usr/bin/cmake --build /home/ubuntu/workspace/build/mobility_driver -- -j12 -l12
[0.059s] [ 25%] [32mBuilding CXX object CMakeFiles/mobility_driver_lib.dir/src/MobilityDriver.cpp.o[0m
[0.067s] In file included from [01m[K/home/ubuntu/workspace/src/mobility_driver/src/MobilityDriver.cpp:1[m[K:
[0.067s] [01m[K/home/ubuntu/workspace/src/mobility_driver/include/mobility_driver/MobilityDriver.hpp:4:10:[m[K [01;31m[Kfatal error: [m[Krclcpp/rclcpp.hpp: No such file or directory
[0.067s]     4 | #include [01;31m[K<rclcpp/rclcpp.hpp>[m[K
[0.067s]       |          [01;31m[K^~~~~~~~~~~~~~~~~~~[m[K
[0.067s] compilation terminated.
[0.068s] gmake[2]: *** [CMakeFiles/mobility_driver_lib.dir/build.make:76: CMakeFiles/mobility_driver_lib.dir/src/MobilityDriver.cpp.o] Error 1
[0.068s] gmake[1]: *** [CMakeFiles/Makefile2:139: CMakeFiles/mobility_driver_lib.dir/all] Error 2
[0.069s] gmake: *** [Makefile:146: all] Error 2
[0.077s] Invoked command in '/home/ubuntu/workspace/build/mobility_driver' returned '2': CMAKE_PREFIX_PATH=/opt/ros/rolling /usr/bin/cmake --build /home/ubuntu/workspace/build/mobility_driver -- -j12 -l12
