[0.010s] Invoking command in '/home/ubuntu/workspace/build/mobility_driver': CMAKE_PREFIX_PATH=/opt/ros/rolling /usr/bin/cmake --build /home/ubuntu/workspace/build/mobility_driver -- -j12 -l12
[0.034s] -- Found ament_cmake: 2.6.0 (/opt/ros/rolling/share/ament_cmake/cmake)
[0.189s] -- Found rclcpp: 28.2.0 (/opt/ros/rolling/share/rclcpp/cmake)
[0.209s] -- Found rosidl_generator_c: 4.7.0 (/opt/ros/rolling/share/rosidl_generator_c/cmake)
[0.217s] -- Found rosidl_generator_cpp: 4.7.0 (/opt/ros/rolling/share/rosidl_generator_cpp/cmake)
[0.227s] -- Using all available rosidl_typesupport_c: rosidl_typesupport_fastrtps_c;rosidl_typesupport_introspection_c
[0.240s] -- Using all available rosidl_typesupport_cpp: rosidl_typesupport_fastrtps_cpp;rosidl_typesupport_introspection_cpp
[0.294s] -- Found rmw_implementation_cmake: 7.4.0 (/opt/ros/rolling/share/rmw_implementation_cmake/cmake)
[0.295s] -- Found rmw_fastrtps_cpp: 8.5.0 (/opt/ros/rolling/share/rmw_fastrtps_cpp/cmake)
[0.344s] -- Using RMW implementation 'rmw_fastrtps_cpp' as default
[0.396s] -- Found ament_lint_auto: 0.18.0 (/opt/ros/rolling/share/ament_lint_auto/cmake)
[0.468s] -- Added test 'cppcheck' to perform static code analysis on C / C++ code
[0.468s] -- Configured cppcheck include dirs: $<BUILD_INTERFACE:/home/ubuntu/workspace/src/mobility_driver/include>;/home/ubuntu/workspace/src/mobility_driver/$<INSTALL_INTERFACE:include/mobility_driver
[0.469s] -- Configured cppcheck exclude dirs and/or files: 
[0.469s] -- Added test 'lint_cmake' to check CMake code style
[0.470s] -- Added test 'uncrustify' to check C / C++ code style
[0.470s] -- Configured uncrustify additional arguments: 
[0.470s] -- Added test 'xmllint' to check XML markup files
[0.471s] -- Configuring done (0.4s)
[0.483s] -- Generating done (0.0s)
[0.484s] -- Build files have been written to: /home/ubuntu/workspace/build/mobility_driver
[0.514s] [ 50%] Built target mobility_driver_lib
[0.534s] [ 75%] [32mBuilding CXX object CMakeFiles/mobility_driver_node.dir/src/mobility_driver_node.cpp.o[0m
[2.475s] [01m[K/home/ubuntu/workspace/src/mobility_driver/src/mobility_driver_node.cpp:[m[K In function â€˜[01m[Kint[01;32m[K main[m[K(int, char**)[m[Kâ€™:
[2.475s] [01m[K/home/ubuntu/workspace/src/mobility_driver/src/mobility_driver_node.cpp:9:35:[m[K [01;31m[Kerror: [m[Kâ€˜[01m[KMobilityDriver[m[Kâ€™ was not declared in this scope
[2.475s]     9 |     rclcpp::spin(std::make_shared<[01;31m[KMobilityDriver[m[K>());
[2.475s]       |                                   [01;31m[K^~~~~~~~~~~~~~[m[K
[2.475s] [01m[K/home/ubuntu/workspace/src/mobility_driver/src/mobility_driver_node.cpp:9:50:[m[K [01;31m[Kerror: [m[Kno matching function for call to â€˜[01m[Kmake_shared<<expression error> >()[m[Kâ€™
[2.475s]     9 |     rclcpp::spin([01;31m[Kstd::make_shared<MobilityDriver>()[m[K);
[2.475s]       |                  [01;31m[K~~~~~~~~~~~~~~~~~~~~~~~~~~~~~~~~^~[m[K
[2.475s] In file included from [01m[K/usr/include/c++/13/memory:80[m[K,
[2.475s]                  from [01m[K/opt/ros/rolling/include/rclcpp/rclcpp/rclcpp.hpp:169[m[K,
[2.476s]                  from [01m[K/home/ubuntu/workspace/src/mobility_driver/src/mobility_driver_node.cpp:1[m[K:
[2.476s] [01m[K/usr/include/c++/13/bits/shared_ptr.h:1005:5:[m[K [01;36m[Knote: [m[Kcandidate: â€˜[01m[Ktemplate<class _Tp, class ... _Args> std::shared_ptr<typename std::enable_if<(! std::is_array< <template-parameter-1-1> >::value), _Tp>::type> std::[01;32m[Kmake_shared[m[K(_Args&& ...)[m[Kâ€™
[2.476s]  1005 |     [01;36m[Kmake_shared[m[K(_Args&&... __args)
[2.476s]       |     [01;36m[K^~~~~~~~~~~[m[K
[2.476s] [01m[K/usr/include/c++/13/bits/shared_ptr.h:1005:5:[m[K [01;36m[Knote: [m[K  template argument deduction/substitution failed:
[2.476s] [01m[K/home/ubuntu/workspace/src/mobility_driver/src/mobility_driver_node.cpp:9:50:[m[K [01;31m[Kerror: [m[Ktemplate argument 1 is invalid
[2.476s]     9 |     rclcpp::spin([01;31m[Kstd::make_shared<MobilityDriver>()[m[K);
[2.476s]       |                  [01;31m[K~~~~~~~~~~~~~~~~~~~~~~~~~~~~~~~~^~[m[K
[3.032s] gmake[2]: *** [CMakeFiles/mobility_driver_node.dir/build.make:76: CMakeFiles/mobility_driver_node.dir/src/mobility_driver_node.cpp.o] Error 1
[3.032s] gmake[1]: *** [CMakeFiles/Makefile2:165: CMakeFiles/mobility_driver_node.dir/all] Error 2
[3.032s] gmake: *** [Makefile:146: all] Error 2
[3.035s] Invoked command in '/home/ubuntu/workspace/build/mobility_driver' returned '2': CMAKE_PREFIX_PATH=/opt/ros/rolling /usr/bin/cmake --build /home/ubuntu/workspace/build/mobility_driver -- -j12 -l12
