-- Found ament_cmake: 2.6.0 (/opt/ros/rolling/share/ament_cmake/cmake)
-- Found rclcpp: 28.2.0 (/opt/ros/rolling/share/rclcpp/cmake)
-- Found rosidl_generator_c: 4.7.0 (/opt/ros/rolling/share/rosidl_generator_c/cmake)
-- Found rosidl_generator_cpp: 4.7.0 (/opt/ros/rolling/share/rosidl_generator_cpp/cmake)
-- Using all available rosidl_typesupport_c: rosidl_typesupport_fastrtps_c;rosidl_typesupport_introspection_c
-- Using all available rosidl_typesupport_cpp: rosidl_typesupport_fastrtps_cpp;rosidl_typesupport_introspection_cpp
-- Found rmw_implementation_cmake: 7.4.0 (/opt/ros/rolling/share/rmw_implementation_cmake/cmake)
-- Found rmw_fastrtps_cpp: 8.5.0 (/opt/ros/rolling/share/rmw_fastrtps_cpp/cmake)
-- Using RMW implementation 'rmw_fastrtps_cpp' as default
-- Found std_msgs: 5.4.0 (/opt/ros/rolling/share/std_msgs/cmake)
-- Found ament_lint_auto: 0.18.0 (/opt/ros/rolling/share/ament_lint_auto/cmake)
-- Added test 'cppcheck' to perform static code analysis on C / C++ code
-- Configured cppcheck include dirs: $<BUILD_INTERFACE:/home/ubuntu/workspace/src/mobility_driver/include>
-- Configured cppcheck exclude dirs and/or files: 
-- Added test 'lint_cmake' to check CMake code style
-- Added test 'uncrustify' to check C / C++ code style
-- Configured uncrustify additional arguments: 
-- Added test 'xmllint' to check XML markup files
-- Configuring done (0.5s)
-- Generating done (0.0s)
-- Build files have been written to: /home/ubuntu/workspace/build/mobility_driver
[ 25%] [32mBuilding CXX object CMakeFiles/mobility_driver_lib.dir/src/MobilityDriver.cpp.o[0m
[01m[K/home/ubuntu/workspace/src/mobility_driver/src/MobilityDriver.cpp:15:1:[m[K [01;31m[Kerror: [m[Kredefinition of â€˜[01m[Kmobility_driver::MobilityDriver::[01;32m[KMobilityDriver[m[K()[m[Kâ€™
   15 | [01;31m[KMobilityDriver[m[K::MobilityDriver()
      | [01;31m[K^~~~~~~~~~~~~~[m[K
In file included from [01m[K/home/ubuntu/workspace/src/mobility_driver/src/MobilityDriver.cpp:6[m[K:
[01m[K/home/ubuntu/workspace/src/mobility_driver/include/mobility_driver/MobilityDriver.hpp:12:5:[m[K [01;36m[Knote: [m[Kâ€˜[01m[Kmobility_driver::MobilityDriver::[01;32m[KMobilityDriver[m[K()[m[Kâ€™ previously defined here
   12 |     [01;36m[KMobilityDriver[m[K()
      |     [01;36m[K^~~~~~~~~~~~~~[m[K
gmake[2]: *** [CMakeFiles/mobility_driver_lib.dir/build.make:76: CMakeFiles/mobility_driver_lib.dir/src/MobilityDriver.cpp.o] Error 1
gmake[1]: *** [CMakeFiles/Makefile2:139: CMakeFiles/mobility_driver_lib.dir/all] Error 2
gmake: *** [Makefile:146: all] Error 2
